<?xml version="1.0" encoding="UTF-8"?>
<testsuite xmlns:xsi="http://www.w3.org/2001/XMLSchema-instance" xsi:noNamespaceSchemaLocation="https://maven.apache.org/surefire/maven-surefire-plugin/xsd/surefire-test-report.xsd" version="3.0.2" name="testRunner.TestRunner" time="73.909" tests="2" errors="0" skipped="0" failures="0" flakes="0">
  <properties>
[...]
</properties>
  <testcase name="Successful Login with Valid Credentials" classname="Login with Valid Credentials" time="38.602">
    <system-out><![CDATA[
@sanity @regression
Scenario: Successful Login with Valid Credentials                           # ./features/Login.feature:4
  ✔ Given the user navigates to login page                                  # stepDefinition.LoginSteps.the_user_navigates_to_login_page()
  ✔ When user enters email as "madhu111@test.com" and password as "Test123" # stepDefinition.LoginSteps.user_enters_email_as_and_password_as(java.lang.String,java.lang.String)
  ✔ And the user clicks on the Login button                                 # stepDefinition.LoginSteps.the_user_clicks_on_the_login_button()
  ✔ Then the user should be redirected to the MyAccount Page                # stepDefinition.LoginSteps.the_user_should_be_redirected_to_the_my_account_page()
]]></system-out>
  </testcase>
  <testcase name="Successful Account Registration" classname="Account Registration" time="28.81">
    <system-out><![CDATA[
@regression
Scenario: Successful Account Registration                 # ./features/Registration.feature:4
  ✔ Given the user navigates to Register Account page     # stepDefinition.RegistrationSteps.the_user_navigates_to_register_account_page()
  ✔ When the user enters the details into below fields    # stepDefinition.RegistrationSteps.the_user_enters_the_details_into_below_fields(io.cucumber.datatable.DataTable)
      | firstName | John       |
      | lastName  | Kenedy     |
      | telephone | 1234567890 |
      | password  | test@123   |
  ✔ And the user selects Privacy Policy                   # stepDefinition.RegistrationSteps.the_user_selects_privacy_policy()
  ✔ And the user clicks on Continue button                # stepDefinition.RegistrationSteps.the_user_clicks_on_continue_button()
  ✔ Then the user account should get created successfully # stepDefinition.RegistrationSteps.the_user_account_should_get_created_successfully()
]]></system-out>
  </testcase>
</testsuite>